#
# There is insufficient memory for the Java Runtime Environment to continue.
# Native memory allocation (malloc) failed to allocate 32744 bytes for Chunk::new
# Possible reasons:
#   The system is out of physical RAM or swap space
#   The process is running with CompressedOops enabled, and the Java Heap may be blocking the growth of the native heap
# Possible solutions:
#   Reduce memory load on the system
#   Increase physical memory or swap space
#   Check if swap backing store is full
#   Decrease Java heap size (-Xmx/-Xms)
#   Decrease number of Java threads
#   Decrease Java thread stack sizes (-Xss)
#   Set larger code cache with -XX:ReservedCodeCacheSize=
#   JVM is running with Unscaled Compressed Oops mode in which the Java heap is
#     placed in the first 4GB address space. The Java Heap base address is the
#     maximum limit for the native heap growth. Please use -XX:HeapBaseMinAddress
#     to set the Java Heap base and to place the Java Heap above 4GB virtual address.
# This output file may be truncated or incomplete.
#
#  Out of Memory Error (arena.cpp:184), pid=30596, tid=26412
#
# JRE version: Java(TM) SE Runtime Environment (20.0.2+9) (build 20.0.2+9-78)
# Java VM: Java HotSpot(TM) 64-Bit Server VM (20.0.2+9-78, mixed mode, sharing, tiered, compressed oops, compressed class ptrs, g1 gc, windows-amd64)
# No core dump will be written. Minidumps are not enabled by default on client versions of Windows
#

---------------  S U M M A R Y ------------

Command Line: -Xmx64m -Xms64m -Dorg.gradle.appname=gradlew org.gradle.wrapper.GradleWrapperMain app:installDebug -PreactNativeDevServerPort=8081

Host: Intel(R) Core(TM) i3-1005G1 CPU @ 1.20GHz, 4 cores, 11G,  Windows 11 , 64 bit Build 22621 (10.0.22621.5415)
Time: Fri Aug  8 23:10:04 2025 India Standard Time elapsed time: 626.912988 seconds (0d 0h 10m 26s)

---------------  T H R E A D  ---------------

Current thread (0x000001ffef62b860):  JavaThread "C2 CompilerThread0" daemon [_thread_in_native, id=26412, stack(0x000000dcc4e00000,0x000000dcc4f00000)]


Current CompileTask:
C2: 626913 1753       4       org.gradle.internal.logging.console.MultiLineBuildProgressArea::redraw (203 bytes)

Stack: [0x000000dcc4e00000,0x000000dcc4f00000]
Native frames: (J=compiled Java code, j=interpreted, Vv=VM code, C=native code)
V  [jvm.dll+0x6bc25a]
V  [jvm.dll+0x84971a]
V  [jvm.dll+0x84b315]
V  [jvm.dll+0x84ba13]
V  [jvm.dll+0x280e4f]
V  [jvm.dll+0xc2ab1]
V  [jvm.dll+0xc2dd5]
V  [jvm.dll+0x6e25ef]
V  [jvm.dll+0x6e2fc3]
V  [jvm.dll+0x6e14ba]
V  [jvm.dll+0x24c476]
V  [jvm.dll+0x24a819]
V  [jvm.dll+0x1ce761]
V  [jvm.dll+0x25a0eb]
V  [jvm.dll+0x2587c0]
V  [jvm.dll+0x3f2dd5]
V  [jvm.dll+0x7f5c76]
V  [jvm.dll+0x6baecb]
C  [ucrtbase.dll+0x29333]
C  [KERNEL32.DLL+0x1259d]
C  [ntdll.dll+0x5af78]


---------------  P R O C E S S  ---------------

Threads class SMR info:
_java_thread_list=0x000001fff4183530, length=12, elements={
0x000001ffd4029080, 0x000001ffef613410, 0x000001ffef614210, 0x000001ffef61a880,
0x000001ffef61d1d0, 0x000001ffef623280, 0x000001ffef627bd0, 0x000001ffef62b860,
0x000001ffef634320, 0x000001ffef6d5f70, 0x000001ffef6edf50, 0x000001fff3c20ba0
}

Java Threads: ( => current thread )
  0x000001ffd4029080 JavaThread "main" [_thread_in_native, id=21132, stack(0x000000dcc4100000,0x000000dcc4200000)]
  0x000001ffef613410 JavaThread "Reference Handler" daemon [_thread_blocked, id=23124, stack(0x000000dcc4800000,0x000000dcc4900000)]
  0x000001ffef614210 JavaThread "Finalizer" daemon [_thread_blocked, id=2968, stack(0x000000dcc4900000,0x000000dcc4a00000)]
  0x000001ffef61a880 JavaThread "Signal Dispatcher" daemon [_thread_blocked, id=10480, stack(0x000000dcc4a00000,0x000000dcc4b00000)]
  0x000001ffef61d1d0 JavaThread "Attach Listener" daemon [_thread_blocked, id=17552, stack(0x000000dcc4b00000,0x000000dcc4c00000)]
  0x000001ffef623280 JavaThread "Service Thread" daemon [_thread_blocked, id=29672, stack(0x000000dcc4c00000,0x000000dcc4d00000)]
  0x000001ffef627bd0 JavaThread "Monitor Deflation Thread" daemon [_thread_blocked, id=13240, stack(0x000000dcc4d00000,0x000000dcc4e00000)]
=>0x000001ffef62b860 JavaThread "C2 CompilerThread0" daemon [_thread_in_native, id=26412, stack(0x000000dcc4e00000,0x000000dcc4f00000)]
  0x000001ffef634320 JavaThread "C1 CompilerThread0" daemon [_thread_blocked, id=3652, stack(0x000000dcc4f00000,0x000000dcc5000000)]
  0x000001ffef6d5f70 JavaThread "Notification Thread" daemon [_thread_blocked, id=30420, stack(0x000000dcc5000000,0x000000dcc5100000)]
  0x000001ffef6edf50 JavaThread "Common-Cleaner" daemon [_thread_blocked, id=32336, stack(0x000000dcc5200000,0x000000dcc5300000)]
  0x000001fff3c20ba0 JavaThread "pool-1-thread-1" [_thread_blocked, id=10100, stack(0x000000dcc5300000,0x000000dcc5400000)]

Other Threads:
  0x000001ffd40c8de0 VMThread "VM Thread" [stack: 0x000000dcc4700000,0x000000dcc4800000] [id=12024]
  0x000001ffef6edaf0 WatcherThread "VM Periodic Task Thread" [stack: 0x000000dcc5100000,0x000000dcc5200000] [id=18088]
  0x000001ffd404bff0 WorkerThread "GC Thread#0" [stack: 0x000000dcc4200000,0x000000dcc4300000] [id=22340]
  0x000001fff38260a0 WorkerThread "GC Thread#1" [stack: 0x000000dcc3e00000,0x000000dcc3f00000] [id=22676]
  0x000001fff3b68f70 WorkerThread "GC Thread#2" [stack: 0x000000dcc3f00000,0x000000dcc4000000] [id=30448]
  0x000001fff3b69240 WorkerThread "GC Thread#3" [stack: 0x000000dcc4000000,0x000000dcc4100000] [id=30024]
  0x000001ffd404ef60 ConcurrentGCThread "G1 Main Marker" [stack: 0x000000dcc4300000,0x000000dcc4400000] [id=15484]
  0x000001ffd404f8a0 WorkerThread "G1 Conc#0" [stack: 0x000000dcc4400000,0x000000dcc4500000] [id=19976]
  0x000001ffd40a22f0 ConcurrentGCThread "G1 Refine#0" [stack: 0x000000dcc4500000,0x000000dcc4600000] [id=31568]
  0x000001ffd40a2ca0 ConcurrentGCThread "G1 Service" [stack: 0x000000dcc4600000,0x000000dcc4700000] [id=24264]

Threads with active compile tasks:
C2 CompilerThread0   632419 1753       4       org.gradle.internal.logging.console.MultiLineBuildProgressArea::redraw (203 bytes)

VM state: not at safepoint (normal execution)

VM Mutex/Monitor currently owned by a thread: None

Heap address: 0x00000000fc000000, size: 64 MB, Compressed Oops mode: 32-bit

CDS archive(s) mapped at: [0x000001ff80000000-0x000001ff80c60000-0x000001ff80c60000), size 12976128, SharedBaseAddress: 0x000001ff80000000, ArchiveRelocationMode: 1.
Compressed class space mapped at: 0x000001ff81000000-0x000001ffc1000000, reserved size: 1073741824
Narrow klass base: 0x000001ff80000000, Narrow klass shift: 0, Narrow klass range: 0x100000000

GC Precious Log:
 CardTable entry size: 512
 Card Set container configuration: InlinePtr #cards 5 size 8 Array Of Cards #cards 12 size 40 Howl #buckets 4 coarsen threshold 1843 Howl Bitmap #cards 512 size 80 coarsen threshold 460 Card regions per heap region 1 cards per card region 2048
 CPUs: 4 total, 4 available
 Memory: 12083M
 Large Page Support: Disabled
 NUMA Support: Disabled
 Compressed Oops: Enabled (32-bit)
 Heap Region Size: 1M
 Heap Min Capacity: 64M
 Heap Initial Capacity: 64M
 Heap Max Capacity: 64M
 Pre-touch: Disabled
 Parallel Workers: 4
 Concurrent Workers: 1
 Concurrent Refinement Workers: 4
 Periodic GC: Disabled

Heap:
 garbage-first heap   total 65536K, used 34429K [0x00000000fc000000, 0x0000000100000000)
  region size 1024K, 27 young (27648K), 3 survivors (3072K)
 Metaspace       used 9935K, committed 10176K, reserved 1114112K
  class space    used 1302K, committed 1408K, reserved 1048576K

Heap Regions: E=young(eden), S=young(survivor), O=old, HS=humongous(starts), HC=humongous(continues), CS=collection set, F=free, OA=open archive, CA=closed archive, TAMS=top-at-mark-start, PB=parsable bottom
|   0|0x00000000fc000000, 0x00000000fc100000, 0x00000000fc100000|100%|HS|  |TAMS 0x00000000fc000000| PB 0x00000000fc000000| Complete 
|   1|0x00000000fc100000, 0x00000000fc200000, 0x00000000fc200000|100%|HC|  |TAMS 0x00000000fc100000| PB 0x00000000fc100000| Complete 
|   2|0x00000000fc200000, 0x00000000fc300000, 0x00000000fc300000|100%|HC|  |TAMS 0x00000000fc200000| PB 0x00000000fc200000| Complete 
|   3|0x00000000fc300000, 0x00000000fc400000, 0x00000000fc400000|100%|HC|  |TAMS 0x00000000fc300000| PB 0x00000000fc300000| Complete 
|   4|0x00000000fc400000, 0x00000000fc500000, 0x00000000fc500000|100%| O|  |TAMS 0x00000000fc400000| PB 0x00000000fc400000| Untracked 
|   5|0x00000000fc500000, 0x00000000fc600000, 0x00000000fc600000|100%| O|  |TAMS 0x00000000fc500000| PB 0x00000000fc500000| Untracked 
|   6|0x00000000fc600000, 0x00000000fc700000, 0x00000000fc700000|100%| O|  |TAMS 0x00000000fc600000| PB 0x00000000fc600000| Untracked 
|   7|0x00000000fc700000, 0x00000000fc79f400, 0x00000000fc800000| 62%| O|  |TAMS 0x00000000fc700000| PB 0x00000000fc700000| Untracked 
|   8|0x00000000fc800000, 0x00000000fc800000, 0x00000000fc900000|  0%| F|  |TAMS 0x00000000fc800000| PB 0x00000000fc800000| Untracked 
|   9|0x00000000fc900000, 0x00000000fc900000, 0x00000000fca00000|  0%| F|  |TAMS 0x00000000fc900000| PB 0x00000000fc900000| Untracked 
|  10|0x00000000fca00000, 0x00000000fca00000, 0x00000000fcb00000|  0%| F|  |TAMS 0x00000000fca00000| PB 0x00000000fca00000| Untracked 
|  11|0x00000000fcb00000, 0x00000000fcb00000, 0x00000000fcc00000|  0%| F|  |TAMS 0x00000000fcb00000| PB 0x00000000fcb00000| Untracked 
|  12|0x00000000fcc00000, 0x00000000fcc00000, 0x00000000fcd00000|  0%| F|  |TAMS 0x00000000fcc00000| PB 0x00000000fcc00000| Untracked 
|  13|0x00000000fcd00000, 0x00000000fcd00000, 0x00000000fce00000|  0%| F|  |TAMS 0x00000000fcd00000| PB 0x00000000fcd00000| Untracked 
|  14|0x00000000fce00000, 0x00000000fce00000, 0x00000000fcf00000|  0%| F|  |TAMS 0x00000000fce00000| PB 0x00000000fce00000| Untracked 
|  15|0x00000000fcf00000, 0x00000000fcf00000, 0x00000000fd000000|  0%| F|  |TAMS 0x00000000fcf00000| PB 0x00000000fcf00000| Untracked 
|  16|0x00000000fd000000, 0x00000000fd000000, 0x00000000fd100000|  0%| F|  |TAMS 0x00000000fd000000| PB 0x00000000fd000000| Untracked 
|  17|0x00000000fd100000, 0x00000000fd100000, 0x00000000fd200000|  0%| F|  |TAMS 0x00000000fd100000| PB 0x00000000fd100000| Untracked 
|  18|0x00000000fd200000, 0x00000000fd200000, 0x00000000fd300000|  0%| F|  |TAMS 0x00000000fd200000| PB 0x00000000fd200000| Untracked 
|  19|0x00000000fd300000, 0x00000000fd300000, 0x00000000fd400000|  0%| F|  |TAMS 0x00000000fd300000| PB 0x00000000fd300000| Untracked 
|  20|0x00000000fd400000, 0x00000000fd400000, 0x00000000fd500000|  0%| F|  |TAMS 0x00000000fd400000| PB 0x00000000fd400000| Untracked 
|  21|0x00000000fd500000, 0x00000000fd500000, 0x00000000fd600000|  0%| F|  |TAMS 0x00000000fd500000| PB 0x00000000fd500000| Untracked 
|  22|0x00000000fd600000, 0x00000000fd600000, 0x00000000fd700000|  0%| F|  |TAMS 0x00000000fd600000| PB 0x00000000fd600000| Untracked 
|  23|0x00000000fd700000, 0x00000000fd700000, 0x00000000fd800000|  0%| F|  |TAMS 0x00000000fd700000| PB 0x00000000fd700000| Untracked 
|  24|0x00000000fd800000, 0x00000000fd800000, 0x00000000fd900000|  0%| F|  |TAMS 0x00000000fd800000| PB 0x00000000fd800000| Untracked 
|  25|0x00000000fd900000, 0x00000000fd900000, 0x00000000fda00000|  0%| F|  |TAMS 0x00000000fd900000| PB 0x00000000fd900000| Untracked 
|  26|0x00000000fda00000, 0x00000000fda00000, 0x00000000fdb00000|  0%| F|  |TAMS 0x00000000fda00000| PB 0x00000000fda00000| Untracked 
|  27|0x00000000fdb00000, 0x00000000fdb00000, 0x00000000fdc00000|  0%| F|  |TAMS 0x00000000fdb00000| PB 0x00000000fdb00000| Untracked 
|  28|0x00000000fdc00000, 0x00000000fdc00000, 0x00000000fdd00000|  0%| F|  |TAMS 0x00000000fdc00000| PB 0x00000000fdc00000| Untracked 
|  29|0x00000000fdd00000, 0x00000000fdd00000, 0x00000000fde00000|  0%| F|  |TAMS 0x00000000fdd00000| PB 0x00000000fdd00000| Untracked 
|  30|0x00000000fde00000, 0x00000000fde00000, 0x00000000fdf00000|  0%| F|  |TAMS 0x00000000fde00000| PB 0x00000000fde00000| Untracked 
|  31|0x00000000fdf00000, 0x00000000fdf00000, 0x00000000fe000000|  0%| F|  |TAMS 0x00000000fdf00000| PB 0x00000000fdf00000| Untracked 
|  32|0x00000000fe000000, 0x00000000fe000000, 0x00000000fe100000|  0%| F|  |TAMS 0x00000000fe000000| PB 0x00000000fe000000| Untracked 
|  33|0x00000000fe100000, 0x00000000fe100000, 0x00000000fe200000|  0%| F|  |TAMS 0x00000000fe100000| PB 0x00000000fe100000| Untracked 
|  34|0x00000000fe200000, 0x00000000fe200000, 0x00000000fe300000|  0%| F|  |TAMS 0x00000000fe200000| PB 0x00000000fe200000| Untracked 
|  35|0x00000000fe300000, 0x00000000fe300000, 0x00000000fe400000|  0%| F|  |TAMS 0x00000000fe300000| PB 0x00000000fe300000| Untracked 
|  36|0x00000000fe400000, 0x00000000fe400000, 0x00000000fe500000|  0%| F|  |TAMS 0x00000000fe400000| PB 0x00000000fe400000| Untracked 
|  37|0x00000000fe500000, 0x00000000fe577fb0, 0x00000000fe600000| 46%| E|  |TAMS 0x00000000fe500000| PB 0x00000000fe500000| Complete 
|  38|0x00000000fe600000, 0x00000000fe700000, 0x00000000fe700000|100%| E|CS|TAMS 0x00000000fe600000| PB 0x00000000fe600000| Complete 
|  39|0x00000000fe700000, 0x00000000fe800000, 0x00000000fe800000|100%| E|CS|TAMS 0x00000000fe700000| PB 0x00000000fe700000| Complete 
|  40|0x00000000fe800000, 0x00000000fe900000, 0x00000000fe900000|100%| S|CS|TAMS 0x00000000fe800000| PB 0x00000000fe800000| Complete 
|  41|0x00000000fe900000, 0x00000000fea00000, 0x00000000fea00000|100%| S|CS|TAMS 0x00000000fe900000| PB 0x00000000fe900000| Complete 
|  42|0x00000000fea00000, 0x00000000feb00000, 0x00000000feb00000|100%| S|CS|TAMS 0x00000000fea00000| PB 0x00000000fea00000| Complete 
|  43|0x00000000feb00000, 0x00000000fec00000, 0x00000000fec00000|100%| E|CS|TAMS 0x00000000feb00000| PB 0x00000000feb00000| Complete 
|  44|0x00000000fec00000, 0x00000000fed00000, 0x00000000fed00000|100%| E|CS|TAMS 0x00000000fec00000| PB 0x00000000fec00000| Complete 
|  45|0x00000000fed00000, 0x00000000fee00000, 0x00000000fee00000|100%| E|CS|TAMS 0x00000000fed00000| PB 0x00000000fed00000| Complete 
|  46|0x00000000fee00000, 0x00000000fef00000, 0x00000000fef00000|100%| E|CS|TAMS 0x00000000fee00000| PB 0x00000000fee00000| Complete 
|  47|0x00000000fef00000, 0x00000000ff000000, 0x00000000ff000000|100%| E|CS|TAMS 0x00000000fef00000| PB 0x00000000fef00000| Complete 
|  48|0x00000000ff000000, 0x00000000ff100000, 0x00000000ff100000|100%| E|CS|TAMS 0x00000000ff000000| PB 0x00000000ff000000| Complete 
|  49|0x00000000ff100000, 0x00000000ff200000, 0x00000000ff200000|100%| E|CS|TAMS 0x00000000ff100000| PB 0x00000000ff100000| Complete 
|  50|0x00000000ff200000, 0x00000000ff300000, 0x00000000ff300000|100%| E|CS|TAMS 0x00000000ff200000| PB 0x00000000ff200000| Complete 
|  51|0x00000000ff300000, 0x00000000ff400000, 0x00000000ff400000|100%| E|CS|TAMS 0x00000000ff300000| PB 0x00000000ff300000| Complete 
|  52|0x00000000ff400000, 0x00000000ff500000, 0x00000000ff500000|100%| E|CS|TAMS 0x00000000ff400000| PB 0x00000000ff400000| Complete 
|  53|0x00000000ff500000, 0x00000000ff600000, 0x00000000ff600000|100%| E|CS|TAMS 0x00000000ff500000| PB 0x00000000ff500000| Complete 
|  54|0x00000000ff600000, 0x00000000ff700000, 0x00000000ff700000|100%| E|CS|TAMS 0x00000000ff600000| PB 0x00000000ff600000| Complete 
|  55|0x00000000ff700000, 0x00000000ff800000, 0x00000000ff800000|100%| E|CS|TAMS 0x00000000ff700000| PB 0x00000000ff700000| Complete 
|  56|0x00000000ff800000, 0x00000000ff900000, 0x00000000ff900000|100%| E|CS|TAMS 0x00000000ff800000| PB 0x00000000ff800000| Complete 
|  57|0x00000000ff900000, 0x00000000ffa00000, 0x00000000ffa00000|100%| E|CS|TAMS 0x00000000ff900000| PB 0x00000000ff900000| Complete 
|  58|0x00000000ffa00000, 0x00000000ffb00000, 0x00000000ffb00000|100%| E|CS|TAMS 0x00000000ffa00000| PB 0x00000000ffa00000| Complete 
|  59|0x00000000ffb00000, 0x00000000ffc00000, 0x00000000ffc00000|100%| E|CS|TAMS 0x00000000ffb00000| PB 0x00000000ffb00000| Complete 
|  60|0x00000000ffc00000, 0x00000000ffd00000, 0x00000000ffd00000|100%| E|CS|TAMS 0x00000000ffc00000| PB 0x00000000ffc00000| Complete 
|  61|0x00000000ffd00000, 0x00000000ffe00000, 0x00000000ffe00000|100%| E|CS|TAMS 0x00000000ffd00000| PB 0x00000000ffd00000| Complete 
|  62|0x00000000ffe00000, 0x00000000fff00000, 0x00000000fff00000|100%| E|CS|TAMS 0x00000000ffe00000| PB 0x00000000ffe00000| Complete 
|  63|0x00000000fff00000, 0x0000000100000000, 0x0000000100000000|100%| E|CS|TAMS 0x00000000fff00000| PB 0x00000000fff00000| Complete 

Card table byte_map: [0x000001ffecf10000,0x000001ffecf30000] _byte_map_base: 0x000001ffec730000

Marking Bits: (CMBitMap*) 0x000001ffd404c530
 Bits: [0x000001ffecf50000, 0x000001ffed050000)

Polling page: 0x000001ffd40e0000

Metaspace:

Usage:
  Non-class:      8.43 MB used.
      Class:      1.27 MB used.
       Both:      9.70 MB used.

Virtual space:
  Non-class space:       64.00 MB reserved,       8.56 MB ( 13%) committed,  1 nodes.
      Class space:        1.00 GB reserved,       1.38 MB ( <1%) committed,  1 nodes.
             Both:        1.06 GB reserved,       9.94 MB ( <1%) committed. 

Chunk freelists:
   Non-Class:  3.14 MB
       Class:  2.45 MB
        Both:  5.59 MB

MaxMetaspaceSize: unlimited
CompressedClassSpaceSize: 1.00 GB
Initial GC threshold: 21.00 MB
Current GC threshold: 21.00 MB
CDS: on
MetaspaceReclaimPolicy: balanced
 - commit_granule_bytes: 65536.
 - commit_granule_words: 8192.
 - virtual_space_node_default_size: 8388608.
 - enlarge_chunks_in_place: 1.
 - new_chunks_are_fully_committed: 0.
 - uncommit_free_chunks: 1.
 - use_allocation_guard: 0.


Internal statistics:

num_allocs_failed_limit: 0.
num_arena_births: 236.
num_arena_deaths: 0.
num_vsnodes_births: 2.
num_vsnodes_deaths: 0.
num_space_committed: 159.
num_space_uncommitted: 0.
num_chunks_returned_to_freelist: 0.
num_chunks_taken_from_freelist: 521.
num_chunk_merges: 0.
num_chunk_splits: 348.
num_chunks_enlarged: 260.
num_inconsistent_stats: 0.

CodeHeap 'non-profiled nmethods': size=120000Kb used=694Kb max_used=694Kb free=119305Kb
 bounds [0x000001ffe5390000, 0x000001ffe5600000, 0x000001ffec8c0000]
CodeHeap 'profiled nmethods': size=120000Kb used=3276Kb max_used=3276Kb free=116723Kb
 bounds [0x000001ffdd8c0000, 0x000001ffddc00000, 0x000001ffe4df0000]
CodeHeap 'non-nmethods': size=5760Kb used=1563Kb max_used=1581Kb free=4196Kb
 bounds [0x000001ffe4df0000, 0x000001ffe5060000, 0x000001ffe5390000]
 total_blobs=2240 nmethods=1752 adapters=399
 compilation: enabled
              stopped_count=0, restarted_count=0
 full_count=0

Compilation events (20 events):
Event: 592.300 Thread 0x000001ffef634320 nmethod 1743 0x000001ffddbef990 code [0x000001ffddbefb20, 0x000001ffddbefcd0]
Event: 593.284 Thread 0x000001ffef634320 1744       3       org.gradle.internal.logging.console.DefaultRedrawableLabel::writeText (9 bytes)
Event: 593.285 Thread 0x000001ffef634320 nmethod 1744 0x000001ffe543c610 code [0x000001ffe543c7a0, 0x000001ffe543ca00]
Event: 593.285 Thread 0x000001ffef634320 1745       3       org.gradle.internal.logging.console.DefaultRedrawableLabel$1::<init> (10 bytes)
Event: 593.285 Thread 0x000001ffef634320 nmethod 1745 0x000001ffe543cb10 code [0x000001ffe543cca0, 0x000001ffe543ce68]
Event: 593.285 Thread 0x000001ffef634320 1746       3       org.gradle.internal.logging.console.DefaultAnsiExecutor$AnsiContextImpl::withStyle (16 bytes)
Event: 593.286 Thread 0x000001ffef634320 nmethod 1746 0x000001ffddbefd90 code [0x000001ffddbeffa0, 0x000001ffddbf06c0]
Event: 594.294 Thread 0x000001ffef634320 1747       3       org.gradle.internal.logging.console.DefaultColorMap$AttributeColor::on (10 bytes)
Event: 594.295 Thread 0x000001ffef634320 nmethod 1747 0x000001ffddbf0990 code [0x000001ffddbf0b80, 0x000001ffddbf1170]
Event: 594.295 Thread 0x000001ffef634320 1749       3       org.fusesource.jansi.Ansi::_appendEscapeSequence (83 bytes)
Event: 594.296 Thread 0x000001ffef634320 nmethod 1749 0x000001ffddbf1410 code [0x000001ffddbf1640, 0x000001ffddbf1df8]
Event: 594.296 Thread 0x000001ffef634320 1748       3       org.gradle.internal.logging.console.DefaultColorMap$AttributeColor::off (10 bytes)
Event: 594.296 Thread 0x000001ffef634320 nmethod 1748 0x000001ffddbf2210 code [0x000001ffddbf2400, 0x000001ffddbf29f0]
Event: 610.089 Thread 0x000001ffef62b860 1750       4       java.util.ArrayList::<init> (61 bytes)
Event: 610.091 Thread 0x000001ffef62b860 nmethod 1750 0x000001ffe543cf10 code [0x000001ffe543d080, 0x000001ffe543d3e8]
Event: 612.292 Thread 0x000001ffef634320 1751       3       java.nio.ByteBuffer::position (6 bytes)
Event: 612.292 Thread 0x000001ffef634320 nmethod 1751 0x000001ffddbf2c90 code [0x000001ffddbf2e20, 0x000001ffddbf2fe8]
Event: 612.385 Thread 0x000001ffef62b860 1752       4       java.lang.ThreadLocal::get (47 bytes)
Event: 612.387 Thread 0x000001ffef62b860 nmethod 1752 0x000001ffe543d510 code [0x000001ffe543d6a0, 0x000001ffe543d840]
Event: 626.683 Thread 0x000001ffef62b860 1753       4       org.gradle.internal.logging.console.MultiLineBuildProgressArea::redraw (203 bytes)

GC Heap History (4 events):
Event: 114.353 GC heap before
{Heap before GC invocations=0 (full 0):
 garbage-first heap   total 65536K, used 13312K [0x00000000fc000000, 0x0000000100000000)
  region size 1024K, 13 young (13312K), 0 survivors (0K)
 Metaspace       used 1639K, committed 1856K, reserved 1114112K
  class space    used 156K, committed 256K, reserved 1048576K
}
Event: 114.387 GC heap after
{Heap after GC invocations=1 (full 0):
 garbage-first heap   total 65536K, used 1536K [0x00000000fc000000, 0x0000000100000000)
  region size 1024K, 2 young (2048K), 2 survivors (2048K)
 Metaspace       used 1639K, committed 1856K, reserved 1114112K
  class space    used 156K, committed 256K, reserved 1048576K
}
Event: 165.594 GC heap before
{Heap before GC invocations=1 (full 0):
 garbage-first heap   total 65536K, used 24064K [0x00000000fc000000, 0x0000000100000000)
  region size 1024K, 21 young (21504K), 2 survivors (2048K)
 Metaspace       used 3539K, committed 3712K, reserved 1114112K
  class space    used 423K, committed 512K, reserved 1048576K
}
Event: 165.683 GC heap after
{Heap after GC invocations=2 (full 0):
 garbage-first heap   total 65536K, used 10877K [0x00000000fc000000, 0x0000000100000000)
  region size 1024K, 3 young (3072K), 3 survivors (3072K)
 Metaspace       used 3539K, committed 3712K, reserved 1114112K
  class space    used 423K, committed 512K, reserved 1048576K
}

Dll operation events (13 events):
Event: 16.747 Loaded shared library C:\Program Files\Java\jdk-20\bin\java.dll
Event: 22.427 Loaded shared library C:\Program Files\Java\jdk-20\bin\jsvml.dll
Event: 25.180 Loaded shared library C:\Program Files\Java\jdk-20\bin\net.dll
Event: 25.243 Loaded shared library C:\Program Files\Java\jdk-20\bin\nio.dll
Event: 25.470 Loaded shared library C:\Program Files\Java\jdk-20\bin\zip.dll
Event: 25.841 Loaded shared library C:\Program Files\Java\jdk-20\bin\verify.dll
Event: 120.684 Loaded shared library C:\Program Files\Java\jdk-20\bin\jimage.dll
Event: 177.356 Loaded shared library C:\Users\aarti\.gradle\native\c067742578af261105cb4f569cf0c3c89f3d7b1fecec35dd04571415982c5e48\windows-amd64\native-platform.dll
Event: 179.498 Loaded shared library C:\Users\aarti\.gradle\native\jansi\1.18\windows64\jansi.dll
Event: 181.668 Loaded shared library C:\Program Files\Java\jdk-20\bin\management.dll
Event: 181.867 Loaded shared library C:\Program Files\Java\jdk-20\bin\management_ext.dll
Event: 188.414 Loaded shared library C:\Program Files\Java\jdk-20\bin\extnet.dll
Event: 192.001 Loaded shared library C:\Program Files\Java\jdk-20\bin\sunmscapi.dll

Deoptimization events (20 events):
Event: 467.488 Thread 0x000001fff3c20ba0 Uncommon trap: trap_request=0xffffffde fr.pc=0x000001ffe5435cd0 relative=0x0000000000000130
Event: 467.488 Thread 0x000001fff3c20ba0 Uncommon trap: reason=class_check action=maybe_recompile pc=0x000001ffe5435cd0 method=java.util.Collections$EmptyList.equals(Ljava/lang/Object;)Z @ 1 c2
Event: 467.488 Thread 0x000001fff3c20ba0 DEOPT PACKING pc=0x000001ffe5435cd0 sp=0x000000dcc53fe930
Event: 467.488 Thread 0x000001fff3c20ba0 DEOPT UNPACKING pc=0x000001ffe4e0d2a2 sp=0x000000dcc53fe860 mode 2
Event: 467.489 Thread 0x000001fff3c20ba0 Uncommon trap: trap_request=0xffffffc6 fr.pc=0x000001ffe5435cb8 relative=0x0000000000000118
Event: 467.489 Thread 0x000001fff3c20ba0 Uncommon trap: reason=bimorphic_or_optimized_type_check action=maybe_recompile pc=0x000001ffe5435cb8 method=org.gradle.internal.logging.console.DefaultRedrawableLabel.redraw(Lorg/gradle/internal/logging/console/AnsiContext;)V @ 106 c2
Event: 467.489 Thread 0x000001fff3c20ba0 DEOPT PACKING pc=0x000001ffe5435cb8 sp=0x000000dcc53fe930
Event: 467.489 Thread 0x000001fff3c20ba0 DEOPT UNPACKING pc=0x000001ffe4e0d2a2 sp=0x000000dcc53fe8c0 mode 2
Event: 467.595 Thread 0x000001fff3c20ba0 Uncommon trap: trap_request=0xffffffc6 fr.pc=0x000001ffe5435cb8 relative=0x0000000000000118
Event: 467.595 Thread 0x000001fff3c20ba0 Uncommon trap: reason=bimorphic_or_optimized_type_check action=maybe_recompile pc=0x000001ffe5435cb8 method=org.gradle.internal.logging.console.DefaultRedrawableLabel.redraw(Lorg/gradle/internal/logging/console/AnsiContext;)V @ 106 c2
Event: 467.596 Thread 0x000001fff3c20ba0 DEOPT PACKING pc=0x000001ffe5435cb8 sp=0x000000dcc53fe930
Event: 467.596 Thread 0x000001fff3c20ba0 DEOPT UNPACKING pc=0x000001ffe4e0d2a2 sp=0x000000dcc53fe8c0 mode 2
Event: 467.687 Thread 0x000001fff3c20ba0 Uncommon trap: trap_request=0xffffffc6 fr.pc=0x000001ffe5435cb8 relative=0x0000000000000118
Event: 467.687 Thread 0x000001fff3c20ba0 Uncommon trap: reason=bimorphic_or_optimized_type_check action=maybe_recompile pc=0x000001ffe5435cb8 method=org.gradle.internal.logging.console.DefaultRedrawableLabel.redraw(Lorg/gradle/internal/logging/console/AnsiContext;)V @ 106 c2
Event: 467.687 Thread 0x000001fff3c20ba0 DEOPT PACKING pc=0x000001ffe5435cb8 sp=0x000000dcc53fe930
Event: 467.687 Thread 0x000001fff3c20ba0 DEOPT UNPACKING pc=0x000001ffe4e0d2a2 sp=0x000000dcc53fe8c0 mode 2
Event: 467.785 Thread 0x000001fff3c20ba0 Uncommon trap: trap_request=0xffffffc6 fr.pc=0x000001ffe5435cb8 relative=0x0000000000000118
Event: 467.785 Thread 0x000001fff3c20ba0 Uncommon trap: reason=bimorphic_or_optimized_type_check action=maybe_recompile pc=0x000001ffe5435cb8 method=org.gradle.internal.logging.console.DefaultRedrawableLabel.redraw(Lorg/gradle/internal/logging/console/AnsiContext;)V @ 106 c2
Event: 467.785 Thread 0x000001fff3c20ba0 DEOPT PACKING pc=0x000001ffe5435cb8 sp=0x000000dcc53fe930
Event: 467.785 Thread 0x000001fff3c20ba0 DEOPT UNPACKING pc=0x000001ffe4e0d2a2 sp=0x000000dcc53fe8c0 mode 2

Classes loaded (20 events):
Event: 193.348 Loading class java/nio/channels/Pipe$SinkChannel done
Event: 193.348 Loading class sun/nio/ch/SinkChannelImpl done
Event: 193.349 Loading class sun/nio/ch/SelectionKeyImpl
Event: 193.349 Loading class java/nio/channels/spi/AbstractSelectionKey
Event: 193.349 Loading class java/nio/channels/SelectionKey
Event: 193.349 Loading class java/nio/channels/SelectionKey done
Event: 193.349 Loading class java/nio/channels/spi/AbstractSelectionKey done
Event: 193.349 Loading class sun/nio/ch/SelectionKeyImpl done
Event: 193.349 Loading class java/lang/invoke/ConstantBootstraps
Event: 193.353 Loading class java/lang/invoke/ConstantBootstraps done
Event: 193.697 Loading class java/nio/channels/spi/AbstractSelector$1
Event: 193.697 Loading class java/nio/channels/spi/AbstractSelector$1 done
Event: 326.752 Loading class java/util/concurrent/Executors$FinalizableDelegatedExecutorService
Event: 326.921 Loading class java/util/concurrent/Executors$FinalizableDelegatedExecutorService done
Event: 327.022 Loading class java/io/BufferedReader
Event: 327.355 Loading class java/io/BufferedReader done
Event: 327.355 Loading class sun/nio/cs/StreamDecoder
Event: 327.623 Loading class sun/nio/cs/StreamDecoder done
Event: 327.623 Loading class sun/nio/cs/UTF_8$Decoder
Event: 328.002 Loading class sun/nio/cs/UTF_8$Decoder done

Classes unloaded (0 events):
No events

Classes redefined (0 events):
No events

Internal exceptions (20 events):
Event: 172.409 Thread 0x000001ffd4029080 Exception <a 'java/lang/NoClassDefFoundError'{0x00000000fffb83a8}: org/slf4j/impl/StaticMarkerBinder> (0x00000000fffb83a8) 
thrown [s\open\src\hotspot\share\classfile\systemDictionary.cpp, line 294]
Event: 173.516 Thread 0x000001ffd4029080 Exception <a 'java/lang/NoSuchMethodError'{0x00000000ffe857a0}: 'java.lang.Object java.lang.invoke.DirectMethodHandle$Holder.invokeStatic(java.lang.Object, java.lang.Object, int)'> (0x00000000ffe857a0) 
thrown [s\open\src\hotspot\share\interpreter\linkResolver.cpp, line 773]
Event: 173.517 Thread 0x000001ffd4029080 Exception <a 'java/lang/NoSuchMethodError'{0x00000000ffe90bf0}: 'void java.lang.invoke.DelegatingMethodHandle$Holder.delegate(java.lang.Object, java.lang.Object, int, java.lang.Object)'> (0x00000000ffe90bf0) 
thrown [s\open\src\hotspot\share\interpreter\linkResolver.cpp, line 773]
Event: 173.518 Thread 0x000001ffd4029080 Exception <a 'java/lang/NoSuchMethodError'{0x00000000ffe948d0}: 'int java.lang.invoke.DirectMethodHandle$Holder.invokeSpecial(java.lang.Object, java.lang.Object, java.lang.Object)'> (0x00000000ffe948d0) 
thrown [s\open\src\hotspot\share\interpreter\linkResolver.cpp, line 773]
Event: 180.958 Thread 0x000001ffd4029080 Exception <a 'java/lang/NoSuchMethodError'{0x00000000ff965bd8}: 'java.lang.Object java.lang.invoke.DirectMethodHandle$Holder.newInvokeSpecial(java.lang.Object, java.lang.Object, java.lang.Object, java.lang.Object, java.lang.Object)'> (0x00000000ff965bd8) 
thrown [s\open\src\hotspot\share\interpreter\linkResolver.cpp, line 773]
Event: 181.031 Thread 0x000001ffd4029080 Exception <a 'java/lang/NoSuchMethodError'{0x00000000ff9ada70}: 'java.lang.Object java.lang.invoke.Invokers$Holder.invokeExact_MT(java.lang.Object, java.lang.Object, java.lang.Object, java.lang.Object, java.lang.Object)'> (0x00000000ff9ada70) 
thrown [s\open\src\hotspot\share\interpreter\linkResolver.cpp, line 773]
Event: 181.037 Thread 0x000001ffd4029080 Exception <a 'java/lang/NoSuchMethodError'{0x00000000ff9da1b8}: 'java.lang.Object java.lang.invoke.DirectMethodHandle$Holder.invokeVirtual(java.lang.Object, java.lang.Object, java.lang.Object, java.lang.Object, java.lang.Object, java.lang.Object, java.lang.Object)'> (0x00000000ff9da1b8) 
thrown [s\open\src\hotspot\share\interpreter\linkResolver.cpp, line 773]
Event: 181.120 Thread 0x000001ffd4029080 Exception <a 'java/lang/NoSuchMethodError'{0x00000000ff81c580}: 'java.lang.Object java.lang.invoke.DirectMethodHandle$Holder.invokeVirtual(java.lang.Object, java.lang.Object, java.lang.Object, java.lang.Object)'> (0x00000000ff81c580) 
thrown [s\open\src\hotspot\share\interpreter\linkResolver.cpp, line 773]
Event: 181.204 Thread 0x000001ffd4029080 Exception <a 'java/lang/NoSuchMethodError'{0x00000000ff8e1c08}: 'java.lang.Object java.lang.invoke.DirectMethodHandle$Holder.invokeVirtual(java.lang.Object, java.lang.Object, java.lang.Object, java.lang.Object, java.lang.Object, java.lang.Object)'> (0x00000000ff8e1c08) 
thrown [s\open\src\hotspot\share\interpreter\linkResolver.cpp, line 773]
Event: 181.436 Thread 0x000001ffd4029080 Implicit null exception at 0x000001ffe53fd5a1 to 0x000001ffe53fd7c8
Event: 182.029 Thread 0x000001ffd4029080 Exception <a 'java/lang/NoSuchMethodError'{0x00000000ff5eaf18}: 'int java.lang.invoke.DirectMethodHandle$Holder.invokeVirtual(java.lang.Object, java.lang.Object, java.lang.Object)'> (0x00000000ff5eaf18) 
thrown [s\open\src\hotspot\share\interpreter\linkResolver.cpp, line 773]
Event: 182.456 Thread 0x000001ffd4029080 Exception <a 'java/lang/NoSuchMethodError'{0x00000000ff37b608}: 'java.lang.Object java.lang.invoke.DirectMethodHandle$Holder.invokeVirtual(java.lang.Object, java.lang.Object, java.lang.Object, java.lang.Object, java.lang.Object)'> (0x00000000ff37b608) 
thrown [s\open\src\hotspot\share\interpreter\linkResolver.cpp, line 773]
Event: 182.458 Thread 0x000001ffd4029080 Exception <a 'java/lang/NoSuchMethodError'{0x00000000ff38e1f8}: 'java.lang.Object java.lang.invoke.Invokers$Holder.invokeExact_MT(java.lang.Object, java.lang.Object, java.lang.Object, java.lang.Object, java.lang.Object, java.lang.Object)'> (0x00000000ff38e1f8) 
thrown [s\open\src\hotspot\share\interpreter\linkResolver.cpp, line 773]
Event: 182.530 Thread 0x000001ffd4029080 Exception <a 'java/lang/NoSuchMethodError'{0x00000000ff22d8a0}: 'java.lang.Object java.lang.invoke.DirectMethodHandle$Holder.invokeSpecialIFC(java.lang.Object, java.lang.Object, java.lang.Object, java.lang.Object)'> (0x00000000ff22d8a0) 
thrown [s\open\src\hotspot\share\interpreter\linkResolver.cpp, line 773]
Event: 182.532 Thread 0x000001ffd4029080 Exception <a 'java/lang/NoSuchMethodError'{0x00000000ff2370d8}: 'java.lang.Object java.lang.invoke.DirectMethodHandle$Holder.invokeVirtual(java.lang.Object, java.lang.Object, java.lang.Object, java.lang.Object, java.lang.Object, java.lang.Object, java.lang.Object, java.lang.Object)'> (0x00000000ff2370d8) 
thrown [s\open\src\hotspot\share\interpreter\linkResolver.cpp, line 773]
Event: 182.763 Thread 0x000001ffd4029080 Exception <a 'java/lang/NoSuchMethodError'{0x00000000fef17f70}: 'java.lang.Object java.lang.invoke.DirectMethodHandle$Holder.invokeStaticInit(java.lang.Object, int, int, int, int)'> (0x00000000fef17f70) 
thrown [s\open\src\hotspot\share\interpreter\linkResolver.cpp, line 773]
Event: 187.931 Thread 0x000001ffd4029080 Exception <a 'java/lang/NoSuchMethodError'{0x00000000fef82b30}: 'java.lang.Object java.lang.invoke.DirectMethodHandle$Holder.invokeStaticInit(java.lang.Object, java.lang.Object, int, int, int, int)'> (0x00000000fef82b30) 
thrown [s\open\src\hotspot\share\interpreter\linkResolver.cpp, line 773]
Event: 188.750 Thread 0x000001ffd4029080 Exception <a 'java/lang/NoSuchMethodError'{0x00000000fefab5e0}: 'void java.lang.invoke.DirectMethodHandle$Holder.invokeStatic(java.lang.Object, java.lang.Object, java.lang.Object)'> (0x00000000fefab5e0) 
thrown [s\open\src\hotspot\share\interpreter\linkResolver.cpp, line 773]
Event: 189.119 Thread 0x000001ffd4029080 Implicit null exception at 0x000001ffe53d3fe0 to 0x000001ffe53d4530
Event: 189.130 Thread 0x000001ffd4029080 Exception <a 'java/lang/NoSuchMethodError'{0x00000000feea34c0}: 'void java.lang.invoke.DirectMethodHandle$Holder.invokeInterface(java.lang.Object, java.lang.Object, java.lang.Object)'> (0x00000000feea34c0) 
thrown [s\open\src\hotspot\share\interpreter\linkResolver.cpp, line 773]

VM Operations (20 events):
Event: 377.057 Executing VM operation: Cleanup
Event: 377.057 Executing VM operation: Cleanup done
Event: 447.244 Executing VM operation: Cleanup
Event: 447.244 Executing VM operation: Cleanup done
Event: 455.266 Executing VM operation: Cleanup
Event: 455.266 Executing VM operation: Cleanup done
Event: 468.300 Executing VM operation: Cleanup
Event: 468.300 Executing VM operation: Cleanup done
Event: 472.312 Executing VM operation: Cleanup
Event: 472.312 Executing VM operation: Cleanup done
Event: 493.445 Executing VM operation: Cleanup
Event: 493.445 Executing VM operation: Cleanup done
Event: 565.104 Executing VM operation: Cleanup
Event: 565.104 Executing VM operation: Cleanup done
Event: 593.454 Executing VM operation: Cleanup
Event: 593.455 Executing VM operation: Cleanup done
Event: 594.465 Executing VM operation: Cleanup
Event: 594.465 Executing VM operation: Cleanup done
Event: 595.470 Executing VM operation: Cleanup
Event: 595.470 Executing VM operation: Cleanup done

Events (12 events):
Event: 22.428 Thread 0x000001ffd4029080 Thread added: 0x000001ffd4029080
Event: 24.757 Thread 0x000001ffef613410 Thread added: 0x000001ffef613410
Event: 24.757 Thread 0x000001ffef614210 Thread added: 0x000001ffef614210
Event: 24.758 Thread 0x000001ffef61a880 Thread added: 0x000001ffef61a880
Event: 24.758 Thread 0x000001ffef61d1d0 Thread added: 0x000001ffef61d1d0
Event: 24.758 Thread 0x000001ffef623280 Thread added: 0x000001ffef623280
Event: 24.758 Thread 0x000001ffef627bd0 Thread added: 0x000001ffef627bd0
Event: 24.758 Thread 0x000001ffef62b860 Thread added: 0x000001ffef62b860
Event: 24.758 Thread 0x000001ffef634320 Thread added: 0x000001ffef634320
Event: 24.787 Thread 0x000001ffef6d5f70 Thread added: 0x000001ffef6d5f70
Event: 24.974 Thread 0x000001ffef6edf50 Thread added: 0x000001ffef6edf50
Event: 179.783 Thread 0x000001fff3c20ba0 Thread added: 0x000001fff3c20ba0


Dynamic libraries:
0x00007ff69d300000 - 0x00007ff69d310000 	C:\Program Files\Java\jdk-20\bin\java.exe
0x00007ffc68650000 - 0x00007ffc68867000 	C:\WINDOWS\SYSTEM32\ntdll.dll
0x00007ffc66a50000 - 0x00007ffc66b14000 	C:\WINDOWS\System32\KERNEL32.DLL
0x00007ffc65870000 - 0x00007ffc65c42000 	C:\WINDOWS\System32\KERNELBASE.dll
0x00007ffc661c0000 - 0x00007ffc662d1000 	C:\WINDOWS\System32\ucrtbase.dll
0x00007ffc4da80000 - 0x00007ffc4da99000 	C:\Program Files\Java\jdk-20\bin\jli.dll
0x00007ffc68200000 - 0x00007ffc682b1000 	C:\WINDOWS\System32\ADVAPI32.dll
0x00007ffc669a0000 - 0x00007ffc66a47000 	C:\WINDOWS\System32\msvcrt.dll
0x00007ffc66410000 - 0x00007ffc664b8000 	C:\WINDOWS\System32\sechost.dll
0x00007ffc66190000 - 0x00007ffc661b8000 	C:\WINDOWS\System32\bcrypt.dll
0x00007ffc66880000 - 0x00007ffc66994000 	C:\WINDOWS\System32\RPCRT4.dll
0x00007ffc67ff0000 - 0x00007ffc681a1000 	C:\WINDOWS\System32\USER32.dll
0x00007ffc65ff0000 - 0x00007ffc66016000 	C:\WINDOWS\System32\win32u.dll
0x00007ffc66850000 - 0x00007ffc66879000 	C:\WINDOWS\System32\GDI32.dll
0x00007ffc4ee80000 - 0x00007ffc4f11b000 	C:\WINDOWS\WinSxS\amd64_microsoft.windows.common-controls_6595b64144ccf1df_6.0.22621.5547_none_27104afb73855772\COMCTL32.dll
0x00007ffc65740000 - 0x00007ffc65863000 	C:\WINDOWS\System32\gdi32full.dll
0x00007ffc65e10000 - 0x00007ffc65eaa000 	C:\WINDOWS\System32\msvcp_win.dll
0x00007ffc4ce30000 - 0x00007ffc4ce4b000 	C:\Program Files\Java\jdk-20\bin\VCRUNTIME140.dll
0x00007ffc5f9b0000 - 0x00007ffc5f9ba000 	C:\WINDOWS\SYSTEM32\VERSION.dll
0x00007ffc67fa0000 - 0x00007ffc67fd1000 	C:\WINDOWS\System32\IMM32.DLL
0x00007ffc4f3b0000 - 0x00007ffc4f3bc000 	C:\Program Files\Java\jdk-20\bin\vcruntime140_1.dll
0x00007ffc2fd80000 - 0x00007ffc2fe0e000 	C:\Program Files\Java\jdk-20\bin\msvcp140.dll
0x00007ffbd9060000 - 0x00007ffbd9cf8000 	C:\Program Files\Java\jdk-20\bin\server\jvm.dll
0x00007ffc51150000 - 0x00007ffc51184000 	C:\WINDOWS\SYSTEM32\WINMM.dll
0x00007ffc4f390000 - 0x00007ffc4f399000 	C:\WINDOWS\SYSTEM32\WSOCK32.dll
0x00007ffc68350000 - 0x00007ffc683c1000 	C:\WINDOWS\System32\ws2_32.DLL
0x00007ffc64770000 - 0x00007ffc64788000 	C:\WINDOWS\SYSTEM32\kernel.appcore.dll
0x00007ffc4da70000 - 0x00007ffc4da7a000 	C:\Program Files\Java\jdk-20\bin\jimage.dll
0x00007ffc631d0000 - 0x00007ffc63403000 	C:\WINDOWS\SYSTEM32\DBGHELP.DLL
0x00007ffc679f0000 - 0x00007ffc67d83000 	C:\WINDOWS\System32\combase.dll
0x00007ffc68530000 - 0x00007ffc68607000 	C:\WINDOWS\System32\OLEAUT32.dll
0x00007ffc507e0000 - 0x00007ffc50812000 	C:\WINDOWS\SYSTEM32\dbgcore.DLL
0x00007ffc65eb0000 - 0x00007ffc65f2b000 	C:\WINDOWS\System32\bcryptPrimitives.dll
0x00007ffc30f50000 - 0x00007ffc30f76000 	C:\Program Files\Java\jdk-20\bin\java.dll
0x00007ffc04890000 - 0x00007ffc04967000 	C:\Program Files\Java\jdk-20\bin\jsvml.dll
0x00007ffc66bb0000 - 0x00007ffc67452000 	C:\WINDOWS\System32\SHELL32.dll
0x00007ffc65cd0000 - 0x00007ffc65e0f000 	C:\WINDOWS\System32\wintypes.dll
0x00007ffc63670000 - 0x00007ffc63f8d000 	C:\WINDOWS\SYSTEM32\windows.storage.dll
0x00007ffc66740000 - 0x00007ffc6684c000 	C:\WINDOWS\System32\SHCORE.dll
0x00007ffc674f0000 - 0x00007ffc67559000 	C:\WINDOWS\System32\shlwapi.dll
0x00007ffc65670000 - 0x00007ffc6569b000 	C:\WINDOWS\SYSTEM32\profapi.dll
0x00007ffc45120000 - 0x00007ffc45133000 	C:\Program Files\Java\jdk-20\bin\net.dll
0x00007ffc5c2f0000 - 0x00007ffc5c41c000 	C:\WINDOWS\SYSTEM32\WINHTTP.dll
0x00007ffc64bf0000 - 0x00007ffc64c59000 	C:\WINDOWS\system32\mswsock.dll
0x00007ffc3b980000 - 0x00007ffc3b996000 	C:\Program Files\Java\jdk-20\bin\nio.dll
0x00007ffc30ed0000 - 0x00007ffc30ee8000 	C:\Program Files\Java\jdk-20\bin\zip.dll
0x00007ffc439b0000 - 0x00007ffc439c0000 	C:\Program Files\Java\jdk-20\bin\verify.dll
0x00007ffc2fd00000 - 0x00007ffc2fd27000 	C:\Users\aarti\.gradle\native\c067742578af261105cb4f569cf0c3c89f3d7b1fecec35dd04571415982c5e48\windows-amd64\native-platform.dll
0x00007ffc5f550000 - 0x00007ffc5f55a000 	C:\Users\aarti\.gradle\native\jansi\1.18\windows64\jansi.dll
0x00007ffc41870000 - 0x00007ffc4187a000 	C:\Program Files\Java\jdk-20\bin\management.dll
0x00007ffc41760000 - 0x00007ffc4176b000 	C:\Program Files\Java\jdk-20\bin\management_ext.dll
0x00007ffc66b20000 - 0x00007ffc66b28000 	C:\WINDOWS\System32\PSAPI.DLL
0x00007ffc64e50000 - 0x00007ffc64e6b000 	C:\WINDOWS\SYSTEM32\CRYPTSP.dll
0x00007ffc646d0000 - 0x00007ffc64707000 	C:\WINDOWS\system32\rsaenh.dll
0x00007ffc64ce0000 - 0x00007ffc64d08000 	C:\WINDOWS\SYSTEM32\USERENV.dll
0x00007ffc64e40000 - 0x00007ffc64e4c000 	C:\WINDOWS\SYSTEM32\CRYPTBASE.dll
0x00007ffc641f0000 - 0x00007ffc6421d000 	C:\WINDOWS\SYSTEM32\IPHLPAPI.DLL
0x00007ffc679e0000 - 0x00007ffc679e9000 	C:\WINDOWS\System32\NSI.dll
0x00007ffc5b940000 - 0x00007ffc5b959000 	C:\WINDOWS\SYSTEM32\dhcpcsvc6.DLL
0x00007ffc5b920000 - 0x00007ffc5b93f000 	C:\WINDOWS\SYSTEM32\dhcpcsvc.DLL
0x00007ffc642b0000 - 0x00007ffc643a8000 	C:\WINDOWS\SYSTEM32\DNSAPI.dll
0x00007ffc41200000 - 0x00007ffc41207000 	C:\Program Files\Java\jdk-20\bin\extnet.dll
0x00007ffc4f3f0000 - 0x00007ffc4f3fe000 	C:\Program Files\Java\jdk-20\bin\sunmscapi.dll
0x00007ffc66020000 - 0x00007ffc66187000 	C:\WINDOWS\System32\CRYPT32.dll
0x00007ffc65000000 - 0x00007ffc6502d000 	C:\WINDOWS\SYSTEM32\ncrypt.dll
0x00007ffc64fc0000 - 0x00007ffc64ff7000 	C:\WINDOWS\SYSTEM32\NTASN1.dll
0x00007ffc12d60000 - 0x00007ffc12d68000 	C:\WINDOWS\system32\wshunix.dll

dbghelp: loaded successfully - version: 4.0.5 - missing functions: none
symbol engine: initialized successfully - sym options: 0x614 - pdb path: .;C:\Program Files\Java\jdk-20\bin;C:\WINDOWS\SYSTEM32;C:\WINDOWS\WinSxS\amd64_microsoft.windows.common-controls_6595b64144ccf1df_6.0.22621.5547_none_27104afb73855772;C:\Program Files\Java\jdk-20\bin\server;C:\Users\aarti\.gradle\native\c067742578af261105cb4f569cf0c3c89f3d7b1fecec35dd04571415982c5e48\windows-amd64;C:\Users\aarti\.gradle\native\jansi\1.18\windows64

VM Arguments:
jvm_args: -Xmx64m -Xms64m -Dorg.gradle.appname=gradlew 
java_command: org.gradle.wrapper.GradleWrapperMain app:installDebug -PreactNativeDevServerPort=8081
java_class_path (initial): C:\Users\aarti\Desktop\Smart_store\android\\gradle\wrapper\gradle-wrapper.jar
Launcher Type: SUN_STANDARD

[Global flags]
     bool UseCompressedOops                        = true                           {product lp64_product} {ergonomic}
     bool UseCompressedClassPointers               = true                           {product lp64_product} {ergonomic}
     bool UseLargePagesIndividualAllocation        = false                                  {pd product} {ergonomic}
     intx CICompilerCount                          = 3                                         {product} {ergonomic}
   size_t MinHeapDeltaBytes                        = 1048576                                   {product} {ergonomic}
     bool SegmentedCodeCache                       = true                                      {product} {ergonomic}
    uintx ReservedCodeCacheSize                    = 251658240                              {pd product} {ergonomic}
    uintx NonProfiledCodeHeapSize                  = 122912730                              {pd product} {ergonomic}
    uintx ProfiledCodeHeapSize                     = 122912730                              {pd product} {ergonomic}
    uintx NonNMethodCodeHeapSize                   = 5832780                                {pd product} {ergonomic}
   size_t G1HeapRegionSize                         = 1048576                                   {product} {ergonomic}
     uint G1ConcRefinementThreads                  = 4                                         {product} {ergonomic}
     bool UseG1GC                                  = true                                      {product} {ergonomic}
     uint ConcGCThreads                            = 1                                         {product} {ergonomic}
   size_t MarkStackSize                            = 4194304                                   {product} {ergonomic}
   size_t MinHeapSize                              = 67108864                                  {product} {command line}
   size_t InitialHeapSize                          = 67108864                                  {product} {command line}
   size_t MaxHeapSize                              = 67108864                                  {product} {command line}
   size_t SoftMaxHeapSize                          = 67108864                               {manageable} {ergonomic}
   size_t MaxNewSize                               = 39845888                                  {product} {ergonomic}
    uintx GCDrainStackTargetSize                   = 64                                        {product} {ergonomic}

Logging:
Log output configuration:
 #0: stdout all=warning uptime,level,tags foldmultilines=false
 #1: stderr all=off uptime,level,tags foldmultilines=false

Environment Variables:
JAVA_HOME=C:\Program Files\Java\jdk-20
CLASSPATH=C:\Users\aarti\Desktop\Smart_store\android\\gradle\wrapper\gradle-wrapper.jar
PATH=C:\Users\aarti\Desktop\Smart_store\node_modules\.bin;C:\Users\aarti\Desktop\Smart_store\node_modules\.bin;C:\Users\aarti\Desktop\node_modules\.bin;C:\Users\aarti\node_modules\.bin;C:\Users\node_modules\.bin;C:\node_modules\.bin;C:\Users\aarti\AppData\Roaming\npm\node_modules\npm\node_modules\@npmcli\run-script\lib\node-gyp-bin;C:\Program Files\Common Files\Oracle\Java\javapath;C:\ProgramData\Oracle\Java\javapath;C:\Windows\system32;C:\Windows;C:\Windows\System32\Wbem;C:\Windows\System32\WindowsPowerShell\v1.0\;C:\Windows\System32\OpenSSH\;C:\Users\aarti\AppData\Local\Microsoft\WindowsApps;C:\adb;c:\Program Files (x86)\Microsoft SQL Server\100\Tools\Binn\;c:\Program Files\Microsoft SQL Server\100\Tools\Binn\;c:\Program Files\Microsoft SQL Server\100\DTS\Binn\;C:\Program Files (x86)\MySQL\MySQL Server 5.0\bin;C:\Program Files (x86)\Microsoft SQL Server\150\DTS\Binn\;C:\Program Files\Microsoft SQL Server\Client SDK\ODBC\170\Tools\Binn\;C:\Program Files (x86)\Microsoft SQL Server\150\Tools\Binn\;C:\Program Files\Microsoft SQL Server\150\Tools\Binn\;C:\Program Files\Microsoft SQL Server\150\DTS\Binn\;C:\TDM-GCC-32\bin;C:\TDM-GCC-64\bin;C:\WINDOWS\system32;C:\WINDOWS;C:\WINDOWS\System32\Wbem;C:\WINDOWS\System32\WindowsPowerShell\v1.0\;C:\WINDOWS\System32\OpenSSH\;C:\Program Files\Git\cmd;C:\Program Files\MySQL\MySQL Server 8.0\bin;C:\Users\aarti\AppData\Local\Android\Sdk\platform-tools;C:\Program Files\Java\jdk-20\bin;C:\Program Files\nodejs;C:\Program Files\nodejs\;C:\Program Files\Common Files\Oracle\Java\javapath;C:\ProgramData\Oracle\Java\javapath;C:\Windows\system32;C:\Windows;C:\Windows\System32\Wbem;C:\Windows\System32\WindowsPowerShell\v1.0\;C:\Windows\System32\OpenSSH\;C:\Users\aarti\AppData\Local\Microsoft\WindowsApps;C:\adb;c:\Program Files (x86)\Microsoft SQL Server\100\Tools\Binn\;c:\Program Files\Microsoft SQL Server\100\Tools\Binn\;c:\Program Files\Microsoft SQL Server\100\DTS\Binn\;C:\Program Files (x86)\MySQL\MySQL Server 5.0\bin;C:\Program Files (x86)\Microsoft SQL Server\150\DTS\Binn\;C:\Program Files\Microsoft SQL Server\Client SDK\ODBC\170\Tools\Binn\;C:\Program Files (x86)\Microsoft SQL Server\150\Tools\Binn\;C:\Program Files\Microsoft SQL Server\150\Tools\Binn\;C:\Program Files\Microsoft SQL Server\150\DTS\Binn\;C:\TDM-GCC-32\bin;C:\TDM-GCC-64\bin;C:\WINDOWS\system32;C:\WINDOWS;C:\WINDOWS\System32\Wbem;C:\WINDOWS\System32\WindowsPowerShell\v1.0\;C:\WINDOWS\System32\OpenSSH\;C:\Program Files\Git\cmd;C:\Users\aarti\AppData\Local\Android\Sdk\platform-tools;C:\Program Files\Java\jdk-20\bin;C:\Users\aarti\AppData\Local\Android\Sdk\tools;C:\Users\aarti\AppData\Local\Programs\Microsoft VS Code\bin;C:\Users\aarti\AppData\Roaming\npm;
USERNAME=aarti
LANG=en_US.UTF-8
OS=Windows_NT
PROCESSOR_IDENTIFIER=Intel64 Family 6 Model 126 Stepping 5, GenuineIntel
TMP=C:\Users\aarti\AppData\Local\Temp
TEMP=C:\Users\aarti\AppData\Local\Temp




---------------  S Y S T E M  ---------------

OS:
 Windows 11 , 64 bit Build 22621 (10.0.22621.5415)
OS uptime: 11 days 2:05 hours

CPU: total 4 (initial active 4) (2 cores per cpu, 2 threads per core) family 6 model 126 stepping 5 microcode 0xa8, cx8, cmov, fxsr, ht, mmx, 3dnowpref, sse, sse2, sse3, ssse3, sse4.1, sse4.2, popcnt, lzcnt, tsc, tscinvbit, avx, avx2, aes, erms, clmul, bmi1, bmi2, adx, avx512f, avx512dq, avx512cd, avx512bw, avx512vl, sha, fma, vzeroupper, avx512_vpopcntdq, avx512_vpclmulqdq, avx512_vaes, avx512_vnni, clflush, clflushopt, avx512_vbmi2, avx512_vbmi, rdtscp, rdpid, fsrm, gfni, avx512_bitalg, f16c, pku, avx512_ifma

Memory: 4k page, system-wide physical 12083M (98M free)
TotalPageFile size 24371M (AvailPageFile size 0M)
current process WorkingSet (physical memory assigned to process): 94M, peak: 94M
current process commit charge ("private bytes"): 156M, peak: 158M

vm_info: Java HotSpot(TM) 64-Bit Server VM (20.0.2+9-78) for windows-amd64 JRE (20.0.2+9-78), built on 2023-06-14T10:08:48Z by "mach5one" with MS VC++ 17.1 (VS2022)

END.
